<?xml version="1.0" encoding="UTF-8"?>
<!-- Generated by org.testng.reporters.JUnitReportReporter -->
<testsuite hostname="MSI" failures="0" tests="1" name="testCases.TC_001_AccountregistrationTest" time="7.109" errors="0" timestamp="2024-02-06T19:55:35 IST" skipped="0">
  <testcase classname="testCases.TC_001_AccountregistrationTest" name="acRegistration" time="7.109"/>
</testsuite> <!-- testCases.TC_001_AccountregistrationTest -->
