<?xml version="1.0" encoding="UTF-8"?>
<!-- Generated by org.testng.reporters.JUnitReportReporter -->
<testsuite hostname="MSI" failures="0" tests="3" name="testCases.TC_003_logInDDT" time="51.158" errors="0" timestamp="2024-02-06T10:15:49 IST" skipped="0">
  <testcase classname="testCases.TC_003_logInDDT" name="LoginDDT" time="4.620"/>
  <testcase classname="testCases.TC_003_logInDDT" name="LoginDDT" time="23.395"/>
  <testcase classname="testCases.TC_003_logInDDT" name="LoginDDT" time="23.143"/>
</testsuite> <!-- testCases.TC_003_logInDDT -->
