<?xml version="1.0" encoding="UTF-8"?>
<!-- Generated by org.testng.reporters.JUnitReportReporter -->
<testsuite hostname="MSI" failures="0" tests="1" name="testCases.TC_002_Login" time="3.919" errors="0" timestamp="2024-02-06T19:49:34 IST" skipped="0">
  <testcase classname="testCases.TC_002_Login" name="Login" time="3.919"/>
</testsuite> <!-- testCases.TC_002_Login -->
